TN:
SF:src/App.jsx
FN:74,(anonymous_0)
FN:80,(anonymous_1)
FN:84,(anonymous_2)
FN:90,(anonymous_3)
FN:93,(anonymous_4)
FN:117,(anonymous_5)
FN:118,(anonymous_6)
FN:123,(anonymous_7)
FN:124,(anonymous_8)
FN:135,(anonymous_9)
FN:157,(anonymous_10)
FN:162,(anonymous_11)
FN:169,(anonymous_12)
FN:181,(anonymous_13)
FN:184,(anonymous_14)
FN:192,(anonymous_15)
FN:195,(anonymous_16)
FN:199,(anonymous_17)
FN:207,(anonymous_18)
FN:213,(anonymous_19)
FN:221,(anonymous_20)
FN:222,(anonymous_21)
FNF:22
FNH:0
FNDA:0,(anonymous_0)
FNDA:0,(anonymous_1)
FNDA:0,(anonymous_2)
FNDA:0,(anonymous_3)
FNDA:0,(anonymous_4)
FNDA:0,(anonymous_5)
FNDA:0,(anonymous_6)
FNDA:0,(anonymous_7)
FNDA:0,(anonymous_8)
FNDA:0,(anonymous_9)
FNDA:0,(anonymous_10)
FNDA:0,(anonymous_11)
FNDA:0,(anonymous_12)
FNDA:0,(anonymous_13)
FNDA:0,(anonymous_14)
FNDA:0,(anonymous_15)
FNDA:0,(anonymous_16)
FNDA:0,(anonymous_17)
FNDA:0,(anonymous_18)
FNDA:0,(anonymous_19)
FNDA:0,(anonymous_20)
FNDA:0,(anonymous_21)
DA:19,0
DA:74,0
DA:75,0
DA:76,0
DA:77,0
DA:80,0
DA:81,0
DA:82,0
DA:84,0
DA:90,0
DA:91,0
DA:92,0
DA:93,0
DA:94,0
DA:96,0
DA:117,0
DA:118,0
DA:119,0
DA:120,0
DA:123,0
DA:124,0
DA:130,0
DA:132,0
DA:135,0
DA:157,0
DA:162,0
DA:169,0
DA:181,0
DA:182,0
DA:184,0
DA:185,0
DA:186,0
DA:189,0
DA:192,0
DA:193,0
DA:194,0
DA:195,0
DA:197,0
DA:199,0
DA:200,0
DA:201,0
DA:204,0
DA:207,0
DA:208,0
DA:209,0
DA:213,0
DA:214,0
DA:215,0
DA:216,0
DA:217,0
DA:218,0
DA:221,0
DA:222,0
DA:223,0
DA:231,0
DA:232,0
DA:235,0
LF:57
LH:0
BRDA:77,0,0,0
BRDA:77,0,1,0
BRDA:77,0,2,0
BRDA:130,1,0,0
BRDA:130,1,1,0
BRDA:197,2,0,0
BRDA:197,2,1,0
BRDA:223,3,0,0
BRDA:223,3,1,0
BRF:9
BRH:0
end_of_record
TN:
SF:src/main.jsx
FNF:0
FNH:0
DA:6,0
LF:1
LH:0
BRF:0
BRH:0
end_of_record
TN:
SF:src/components/BlogPostDetail/BlogPostDetail.jsx
FN:5,(anonymous_0)
FNF:1
FNH:1
FNDA:5,(anonymous_0)
DA:5,1
DA:6,5
DA:7,1
DA:10,4
DA:19,4
DA:21,4
LF:6
LH:6
BRDA:6,0,0,1
BRDA:6,0,1,4
BRDA:6,1,0,5
BRDA:6,1,1,4
BRDA:6,1,2,4
BRDA:6,1,3,4
BRF:6
BRH:6
end_of_record
TN:
SF:src/components/BlogPostForm/BlogPostForm.jsx
FN:10,(anonymous_0)
FN:19,(anonymous_1)
FN:28,(anonymous_2)
FN:59,(anonymous_3)
FN:97,(anonymous_4)
FN:112,(anonymous_5)
FNF:6
FNH:6
FNDA:39,(anonymous_0)
FNDA:6,(anonymous_1)
FNDA:6,(anonymous_2)
FNDA:5,(anonymous_3)
FNDA:5,(anonymous_4)
FNDA:5,(anonymous_5)
DA:10,1
DA:11,39
DA:12,39
DA:13,39
DA:14,39
DA:15,39
DA:16,39
DA:17,39
DA:19,39
DA:20,6
DA:21,6
DA:22,6
DA:23,6
DA:24,6
DA:25,6
DA:28,39
DA:29,6
DA:30,6
DA:32,6
DA:33,1
DA:34,1
DA:36,5
DA:37,5
DA:38,5
DA:39,5
DA:41,5
DA:42,4
DA:43,4
DA:44,4
DA:45,4
DA:46,4
DA:51,39
DA:59,5
DA:97,5
DA:112,5
LF:35
LH:35
BRDA:10,0,0,17
BRDA:11,1,0,39
BRDA:11,1,1,31
BRDA:12,2,0,39
BRDA:12,2,1,31
BRDA:13,3,0,39
BRDA:13,3,1,31
BRDA:14,4,0,39
BRDA:14,4,1,31
BRDA:21,5,0,1
BRDA:21,5,1,5
BRDA:22,6,0,1
BRDA:22,6,1,5
BRDA:23,7,0,1
BRDA:23,7,1,5
BRDA:24,8,0,1
BRDA:24,8,1,5
BRDA:32,9,0,1
BRDA:32,9,1,5
BRDA:41,10,0,4
BRDA:41,10,1,1
BRDA:41,11,0,5
BRDA:41,11,1,4
BRDA:62,12,0,39
BRDA:62,12,1,1
BRDA:85,13,0,39
BRDA:85,13,1,1
BRDA:100,14,0,39
BRDA:100,14,1,1
BRDA:111,15,0,16
BRDA:111,15,1,23
BRDA:117,16,0,39
BRDA:117,16,1,1
BRDA:125,17,0,5
BRDA:125,17,1,34
BRDA:127,18,0,7
BRDA:127,18,1,27
BRDA:132,19,0,39
BRDA:132,19,1,5
BRF:39
BRH:39
end_of_record
TN:
SF:src/components/BlogPostItem/BlogPostItem.jsx
FN:4,(anonymous_0)
FN:15,(anonymous_1)
FNF:2
FNH:2
FNDA:11,(anonymous_0)
FNDA:3,(anonymous_1)
DA:4,2
DA:5,11
DA:11,11
DA:15,3
LF:4
LH:4
BRDA:15,0,0,3
BRDA:15,0,1,2
BRF:2
BRH:2
end_of_record
TN:
SF:src/components/BlogPostList/BlogPostList.jsx
FN:5,(anonymous_0)
FN:12,(anonymous_1)
FNF:2
FNH:2
FNDA:4,(anonymous_0)
FNDA:6,(anonymous_1)
DA:5,1
DA:6,4
DA:7,1
DA:10,3
DA:13,6
LF:5
LH:5
BRDA:6,0,0,1
BRDA:6,0,1,3
BRDA:6,1,0,4
BRDA:6,1,1,4
BRF:4
BRH:4
end_of_record
TN:
SF:src/components/CommentForm/CommentForm.jsx
FN:4,(anonymous_0)
FN:10,(anonymous_1)
FN:41,(anonymous_2)
FN:54,(anonymous_3)
FN:64,(anonymous_4)
FNF:5
FNH:5
FNDA:18,(anonymous_0)
FNDA:4,(anonymous_1)
FNDA:3,(anonymous_2)
FNDA:4,(anonymous_3)
FNDA:1,(anonymous_4)
DA:4,1
DA:5,18
DA:6,18
DA:7,18
DA:8,18
DA:10,18
DA:11,4
DA:13,4
DA:14,1
DA:15,1
DA:18,3
DA:26,3
DA:27,3
DA:28,3
DA:29,3
DA:30,3
DA:33,18
DA:41,3
DA:54,4
DA:64,1
LF:20
LH:20
BRDA:5,0,0,18
BRDA:5,0,1,14
BRDA:13,1,0,1
BRDA:13,1,1,3
BRDA:13,2,0,4
BRDA:13,2,1,3
BRDA:13,2,2,2
BRDA:20,3,0,1
BRDA:20,3,1,2
BRDA:23,4,0,3
BRDA:23,4,1,2
BRDA:29,5,0,2
BRDA:29,5,1,1
BRDA:35,6,0,18
BRDA:35,6,1,14
BRDA:69,7,0,18
BRDA:69,7,1,1
BRF:17
BRH:17
end_of_record
TN:
SF:src/components/CommentList/CommentList.jsx
FN:7,(anonymous_0)
FN:14,(anonymous_1)
FNF:2
FNH:2
FNDA:2,(anonymous_0)
FNDA:2,(anonymous_1)
DA:7,1
DA:8,2
DA:9,1
DA:12,1
DA:15,2
LF:5
LH:5
BRDA:8,0,0,1
BRDA:8,0,1,1
BRDA:8,1,0,2
BRDA:8,1,1,2
BRF:4
BRH:4
end_of_record
TN:
SF:src/components/Comments/Comments.jsx
FN:5,(anonymous_0)
FN:17,(anonymous_1)
FN:26,(anonymous_2)
FNF:3
FNH:2
FNDA:2,(anonymous_0)
FNDA:2,(anonymous_1)
FNDA:0,(anonymous_2)
DA:5,1
DA:6,2
DA:7,2
DA:17,1
DA:18,2
DA:27,0
DA:28,0
LF:7
LH:5
BRDA:21,0,0,2
BRDA:21,0,1,2
BRF:2
BRH:2
end_of_record
TN:
SF:src/components/ConfirmationDialog/ConfirmationDialog.jsx
FN:4,(anonymous_0)
FN:7,(anonymous_1)
FN:8,(anonymous_2)
FN:19,(anonymous_3)
FN:39,(anonymous_4)
FNF:5
FNH:5
FNDA:13,(anonymous_0)
FNDA:13,(anonymous_1)
FNDA:2,(anonymous_2)
FNDA:13,(anonymous_3)
FNDA:3,(anonymous_4)
DA:4,1
DA:5,13
DA:7,13
DA:8,13
DA:9,2
DA:10,1
DA:14,13
DA:15,10
DA:16,10
DA:19,13
DA:20,13
DA:21,13
DA:22,1
DA:27,13
DA:29,10
DA:39,3
LF:16
LH:16
BRDA:9,0,0,1
BRDA:9,0,1,1
BRDA:14,1,0,10
BRDA:14,1,1,3
BRDA:21,2,0,1
BRDA:21,2,1,12
BRDA:27,3,0,3
BRDA:27,3,1,10
BRF:8
BRH:8
end_of_record
TN:
SF:src/components/DeleteButton/DeleteButton.jsx
FN:5,(anonymous_0)
FNF:1
FNH:1
FNDA:3,(anonymous_0)
DA:5,1
DA:6,3
LF:2
LH:2
BRF:0
BRH:0
end_of_record
TN:
SF:src/components/Layout/Layout.jsx
FN:5,(anonymous_0)
FNF:1
FNH:1
FNDA:3,(anonymous_0)
DA:5,1
DA:6,3
LF:2
LH:2
BRF:0
BRH:0
end_of_record
TN:
SF:src/components/NavBar/NavBar.jsx
FN:5,(anonymous_0)
FN:9,(anonymous_1)
FN:13,(anonymous_2)
FNF:3
FNH:3
FNDA:13,(anonymous_0)
FNDA:5,(anonymous_1)
FNDA:5,(anonymous_2)
DA:5,1
DA:6,13
DA:7,13
DA:9,13
DA:10,5
DA:13,13
DA:14,5
DA:17,13
LF:8
LH:8
BRDA:34,0,0,6
BRDA:34,0,1,7
BRDA:37,1,0,13
BRDA:37,1,1,6
BRF:4
BRH:4
end_of_record
